Caught signal 6: si_code=4294967290, si_pid=363922, si_uid=1735524568, si_addr=0x58D92
Stack dump for process 363922 at timestamp 1752940454 (19 frames)
/lib/libcondor_utils_24_0_9.so(_Z18dprintf_dump_stackv+0x29)[0x7a61af9e8529]
/lib/libcondor_utils_24_0_9.so(_Z17unix_sig_coredumpiP9siginfo_tPv+0x6c)[0x7a61afb91dec]
/lib/x86_64-linux-gnu/libc.so.6(+0x42520)[0x7a61aea42520]
/lib/x86_64-linux-gnu/libc.so.6(pthread_kill+0x12c)[0x7a61aea969fc]
/lib/x86_64-linux-gnu/libc.so.6(raise+0x16)[0x7a61aea42476]
/lib/x86_64-linux-gnu/libc.so.6(abort+0xd3)[0x7a61aea287f3]
/lib/x86_64-linux-gnu/libstdc++.so.6(+0xa2b9e)[0x7a61aeea2b9e]
/lib/x86_64-linux-gnu/libstdc++.so.6(+0xae20c)[0x7a61aeeae20c]
/lib/x86_64-linux-gnu/libstdc++.so.6(+0xae277)[0x7a61aeeae277]
/lib/x86_64-linux-gnu/libstdc++.so.6(+0xae4d8)[0x7a61aeeae4d8]
/lib/x86_64-linux-gnu/libstdc++.so.6(+0xa6a5a)[0x7a61aeea6a5a]
condor_scheduniv_exec.110787.0(_ZN3Dag18GetCondorLogStatusEl+0x4a)[0x64c5ef76abaa]
condor_scheduniv_exec.110787.0(_Z18condor_event_timeri+0xc1)[0x64c5ef780781]
/lib/libcondor_utils_24_0_9.so(_ZN12TimerManager7TimeoutEPiPd+0x525)[0x7a61afbae025]
/lib/libcondor_utils_24_0_9.so(_ZN10DaemonCore6DriverEv+0x2b0)[0x7a61afb7c000]
/lib/libcondor_utils_24_0_9.so(_Z7dc_mainiPPc+0x1946)[0x7a61afba44a6]
/lib/x86_64-linux-gnu/libc.so.6(+0x29d90)[0x7a61aea29d90]
/lib/x86_64-linux-gnu/libc.so.6(__libc_start_main+0x80)[0x7a61aea29e40]
condor_scheduniv_exec.110787.0(_start+0x25)[0x64c5ef766a45]
